2023-01-12 10:24:07 INFO  PrimaryController:86 - Jezyk zostal zmieniony
2023-01-12 10:24:07 INFO  PrimaryController:86 - Jezyk zostal zmieniony
2023-01-12 10:24:13 INFO  PrimaryController:46 - Gra zaladowana na poziomie latwym
2023-01-12 10:24:16 INFO  SecondaryController:106 - Gra zostala zapisana do pliku
2023-01-12 10:24:27 INFO  PrimaryController:96 - Gra zaladowana z pliku
2023-01-12 10:24:45 INFO  PrimaryController:86 - Jezyk zostal zmieniony
2023-01-12 10:24:46 INFO  PrimaryController:86 - Jezyk zostal zmieniony
2023-01-12 10:24:46 INFO  PrimaryController:86 - Jezyk zostal zmieniony
2023-01-12 10:24:50 INFO  PrimaryController:46 - Gra zaladowana na poziomie latwym
2023-01-12 10:25:05 INFO  SecondaryController:106 - Gra zostala zapisana do pliku
2023-01-12 10:25:16 INFO  PrimaryController:96 - Gra zaladowana z pliku
2023-01-12 10:29:01 INFO  PrimaryController:86 - Jezyk zostal zmieniony
2023-01-12 10:29:06 INFO  PrimaryController:86 - Jezyk zostal zmieniony
2023-01-12 10:29:07 INFO  PrimaryController:86 - Jezyk zostal zmieniony
2023-01-12 10:29:48 INFO  PrimaryController:86 - Jezyk zostal zmieniony
2023-01-12 10:29:49 INFO  PrimaryController:86 - Jezyk zostal zmieniony
2023-01-12 10:29:49 INFO  PrimaryController:86 - Jezyk zostal zmieniony
2023-01-12 10:29:49 INFO  PrimaryController:86 - Jezyk zostal zmieniony
2023-01-12 10:29:49 INFO  PrimaryController:86 - Jezyk zostal zmieniony
2023-01-12 10:29:49 INFO  PrimaryController:86 - Jezyk zostal zmieniony
2023-01-12 10:34:14 INFO  PrimaryController:96 - Gra zaladowana z pliku
2023-01-12 10:35:02 INFO  PrimaryController:96 - Gra zaladowana z pliku
2023-01-12 10:40:03 INFO  PrimaryController:46 - Gra zaladowana na poziomie latwym
2023-01-12 10:44:00 INFO  PrimaryController:46 - Gra zaladowana na poziomie latwym
2023-01-18 23:08:17 INFO  PrimaryController:49 - Gra zaladowana na poziomie latwym
2023-01-18 23:08:22 INFO  SecondaryController:106 - Gra zostala zapisana do pliku
2023-01-18 23:09:02 INFO  PrimaryController:100 - Gra zaladowana z pliku
2023-01-18 23:09:23 INFO  PrimaryController:100 - Gra zaladowana z pliku
2023-01-18 23:13:01 INFO  PrimaryController:53 - Gra zaladowana na poziomie srednim
2023-01-18 23:13:21 INFO  SecondaryController:109 - Gra zostala zapisana do pliku
2023-01-18 23:13:37 INFO  PrimaryController:100 - Gra zaladowana z pliku
2023-01-18 23:22:42 INFO  PrimaryController:53 - Gra zaladowana na poziomie srednim
2023-01-18 23:22:55 INFO  SecondaryController:109 - Gra zostala zapisana do pliku
2023-01-18 23:24:07 INFO  PrimaryController:53 - Gra zaladowana na poziomie srednim
2023-01-18 23:24:13 INFO  SecondaryController:109 - Gra zostala zapisana do pliku
2023-01-18 23:24:25 INFO  PrimaryController:100 - Gra zaladowana z pliku
2023-01-18 23:24:36 INFO  SecondaryController:109 - Gra zostala zapisana do pliku
2023-01-18 23:24:48 INFO  PrimaryController:100 - Gra zaladowana z pliku
2023-01-18 23:45:42 INFO  PrimaryController:89 - Jezyk zostal zmieniony
2023-01-18 23:45:43 INFO  PrimaryController:89 - Jezyk zostal zmieniony
2023-01-18 23:45:43 INFO  PrimaryController:89 - Jezyk zostal zmieniony
2023-01-18 23:45:52 INFO  PrimaryController:57 - Gra zaladowana na poziomie trudnym
2023-01-18 23:46:09 INFO  SecondaryController:109 - Gra zostala zapisana do bazy danych
2023-01-18 23:46:23 INFO  PrimaryController:100 - Gra zaladowana z bazy danych
2023-01-18 23:46:46 INFO  SecondaryController:109 - Gra zostala zapisana do bazy danych
2023-01-18 23:47:10 INFO  PrimaryController:100 - Gra zaladowana z bazy danych
2023-01-18 23:49:15 INFO  PrimaryController:100 - Gra zaladowana z bazy danych
2023-01-19 00:20:52 INFO  PrimaryController:100 - Gra zaladowana z bazy danych
2023-01-19 00:21:53 INFO  PrimaryController:53 - Gra zaladowana na poziomie srednim
2023-01-19 00:22:02 INFO  SecondaryController:109 - Gra zostala zapisana do bazy danych
2023-01-19 00:22:14 INFO  PrimaryController:100 - Gra zaladowana z bazy danych
2023-01-19 00:22:30 INFO  SecondaryController:109 - Gra zostala zapisana do bazy danych
2023-01-19 00:34:04 INFO  PrimaryController:49 - Gra zaladowana na poziomie latwym
2023-01-19 00:34:20 INFO  SecondaryController:109 - Gra zostala zapisana do bazy danych
2023-01-19 00:34:32 INFO  PrimaryController:100 - Gra zaladowana z bazy danych
2023-01-19 00:34:40 INFO  SecondaryController:109 - Gra zostala zapisana do bazy danych
2023-01-19 00:36:33 INFO  PrimaryController:57 - Gra zaladowana na poziomie trudnym
2023-01-19 00:36:39 INFO  SecondaryController:109 - Gra zostala zapisana do bazy danych
2023-01-19 00:36:50 INFO  PrimaryController:100 - Gra zaladowana z bazy danych
2023-01-19 00:37:02 INFO  SecondaryController:109 - Gra zostala zapisana do bazy danych
2023-01-19 00:37:13 INFO  PrimaryController:100 - Gra zaladowana z bazy danych
